  AnchoredCable.cpp
  AnchoredCableForceGenerator.cpp
  AnchoredSpring.cpp
  AnchoredSpringForceGenerator.cpp
  AppliedForceGenerator.cpp
  ContactResolver.cpp
  ContactResolverIterator.cpp
D:\DLSU\GD-PHYS\Phase 3\Phase2-Revision\Custom Classes\ContactResolverIterator.cpp(8,21): warning C4018: '<': signed/unsigned mismatch
  GravityForceGenerator.cpp
  ParticleAnchor.cpp
  ParticleLink.cpp
  ParticleRod.cpp
  ParticleSpring.cpp
  ParticleSpringForceGenerator.cpp
  Utils.cpp
  Vector.cpp
D:\DLSU\GD-PHYS\Phase 3\Phase2-Revision\Custom Classes\Vector.cpp(17,13): warning C4244: 'return': conversion from 'double' to 'float', possible loss of data
  Game.cpp
D:\DLSU\GD-PHYS\Phase 3\Phase2-Revision\Custom Classes\Game.cpp(5,44): warning C4305: 'argument': truncation from 'double' to 'float'
D:\DLSU\GD-PHYS\Phase 3\Phase2-Revision\Custom Classes\Game.cpp(34,30): warning C4305: 'argument': truncation from 'double' to 'float'
D:\DLSU\GD-PHYS\Phase 3\Phase2-Revision\Custom Classes\Game.cpp(38,31): warning C4305: 'argument': truncation from 'double' to 'float'
  Particle.cpp
D:\DLSU\GD-PHYS\Phase 3\Phase2-Revision\Custom Classes\Particle.cpp(102,34): warning C4244: 'return': conversion from 'double' to 'float', possible loss of data
D:\DLSU\GD-PHYS\Phase 3\Phase2-Revision\Custom Classes\Particle.cpp(119,63): warning C4244: '=': conversion from 'double' to 'float', possible loss of data
D:\DLSU\GD-PHYS\Phase 3\Phase2-Revision\Custom Classes\Particle.cpp(120,63): warning C4244: '=': conversion from 'double' to 'float', possible loss of data
  PhysicsManager.cpp
D:\DLSU\GD-PHYS\Phase 3\Phase2-Revision\Custom Classes\PhysicsManager.cpp(4,12): warning C4244: 'argument': conversion from 'time_t' to 'unsigned int', possible loss of data
D:\DLSU\GD-PHYS\Phase 3\Phase2-Revision\Custom Classes\PhysicsManager.cpp(48,26): warning C4018: '<': signed/unsigned mismatch
D:\DLSU\GD-PHYS\Phase 3\Phase2-Revision\Custom Classes\PhysicsManager.cpp(138,20): warning C4018: '<': signed/unsigned mismatch
D:\DLSU\GD-PHYS\Phase 3\Phase2-Revision\Custom Classes\PhysicsManager.cpp(142,25): warning C4018: '<': signed/unsigned mismatch
D:\DLSU\GD-PHYS\Phase 3\Phase2-Revision\Custom Classes\PhysicsManager.cpp(169,21): warning C4018: '<': signed/unsigned mismatch
D:\DLSU\GD-PHYS\Phase 3\Phase2-Revision\Custom Classes\PhysicsManager.cpp(178,21): warning C4018: '<': signed/unsigned mismatch
D:\DLSU\GD-PHYS\Phase 3\Phase2-Revision\Custom Classes\PhysicsManager.cpp(225,21): warning C4018: '<': signed/unsigned mismatch
D:\DLSU\GD-PHYS\Phase 3\Phase2-Revision\Custom Classes\PhysicsManager.cpp(231,21): warning C4018: '<': signed/unsigned mismatch
D:\DLSU\GD-PHYS\Phase 3\Phase2-Revision\Custom Classes\PhysicsManager.cpp(246,22): warning C4018: '<': signed/unsigned mismatch
D:\DLSU\GD-PHYS\Phase 3\Phase2-Revision\Custom Classes\PhysicsManager.cpp(252,22): warning C4018: '<': signed/unsigned mismatch
D:\DLSU\GD-PHYS\Phase 3\Phase2-Revision\Custom Classes\PhysicsManager.cpp(425,20): warning C4018: '<': signed/unsigned mismatch
  main.cpp
  RigidBody.cpp
  Generating Code...
  Compiling...
  RectangularPrism.cpp
  Sphere.cpp
  Generating Code...
  Phase2-Revision.vcxproj -> D:\DLSU\GD-PHYS\Phase 3\Debug\Phase2-Revision.exe
